TN:
SF:src/app/layout.tsx
FN:20,RootLayout
FN:52,(anonymous_5)
FNF:2
FNH:2
FNDA:7,RootLayout
FNDA:28,(anonymous_5)
DA:1,1
DA:2,1
DA:3,1
DA:4,1
DA:5,1
DA:6,1
DA:7,1
DA:8,1
DA:10,1
DA:18,1
DA:20,7
DA:53,28
LF:12
LH:12
BRF:0
BRH:0
end_of_record
TN:
SF:src/app/not-found.tsx
FN:5,NotFound
FNF:1
FNH:1
FNDA:1,NotFound
DA:3,1
DA:5,1
LF:2
LH:2
BRF:0
BRH:0
end_of_record
TN:
SF:src/app/page.tsx
FN:12,HomePage
FNF:1
FNH:1
FNDA:1,HomePage
DA:3,1
DA:4,1
DA:5,1
DA:6,1
DA:7,1
DA:8,1
DA:9,1
DA:10,1
DA:12,1
LF:9
LH:9
BRF:0
BRH:0
end_of_record
TN:
SF:src/app/blog/page.tsx
FN:8,BlogPage
FN:12,(anonymous_5)
FNF:2
FNH:2
FNDA:5,BlogPage
FNDA:10,(anonymous_5)
DA:1,1
DA:2,1
DA:3,1
DA:4,1
DA:6,1
DA:8,5
DA:13,10
LF:7
LH:7
BRF:0
BRH:0
end_of_record
TN:
SF:src/app/blog/[slug]/page.tsx
FN:9,generateStaticParams
FN:10,(anonymous_6)
FN:14,generateMetadata
FN:32,(anonymous_8)
FN:43,BlogPostPage
FN:61,(anonymous_10)
FNF:6
FNH:6
FNDA:1,generateStaticParams
FNDA:3,(anonymous_6)
FNDA:4,generateMetadata
FNDA:4,(anonymous_8)
FNDA:4,BlogPostPage
FNDA:4,(anonymous_10)
DA:1,1
DA:3,1
DA:4,1
DA:5,1
DA:6,1
DA:7,1
DA:9,1
DA:10,3
DA:14,4
DA:15,4
DA:16,4
DA:17,4
DA:19,3
DA:20,1
DA:27,2
DA:32,4
DA:35,1
DA:36,1
DA:43,4
DA:44,4
DA:45,4
DA:46,4
DA:47,3
DA:49,3
DA:50,1
DA:54,3
DA:61,4
DA:82,2
DA:83,2
LF:29
LH:29
BRDA:19,0,0,1
BRDA:47,1,0,2
BRDA:47,1,1,1
BRDA:49,2,0,1
BRF:4
BRH:4
end_of_record
TN:
SF:src/config/seo.ts
FN:110,generatePageMetadata
FN:254,generateBlogPostMetadata
FN:431,generateBlogPostStructuredData
FN:474,generateBreadcrumbStructuredData
FN:478,(anonymous_25)
FN:488,generateFAQStructuredData
FN:492,(anonymous_27)
FN:504,generateProjectStructuredData
FN:583,(anonymous_29)
FNF:9
FNH:8
FNDA:38,generatePageMetadata
FNDA:11,generateBlogPostMetadata
FNDA:10,generateBlogPostStructuredData
FNDA:1,generateBreadcrumbStructuredData
FNDA:3,(anonymous_25)
FNDA:1,generateFAQStructuredData
FNDA:2,(anonymous_27)
FNDA:2,generateProjectStructuredData
FNDA:0,(anonymous_29)
DA:7,52
DA:27,35
DA:110,6
DA:125,38
DA:126,38
DA:128,38
DA:169,21
DA:252,24
DA:254,11
DA:261,11
DA:263,11
DA:312,9
DA:354,6
DA:376,5
DA:390,5
DA:410,5
DA:431,11
DA:441,10
DA:474,1
DA:475,1
DA:478,3
DA:488,1
DA:489,1
DA:492,2
DA:504,2
DA:513,2
DA:542,13
DA:550,13
DA:559,9
DA:583,4
DA:586,4
LF:31
LH:31
BRDA:113,0,0,2
BRDA:114,1,0,4
BRDA:115,2,0,38
BRDA:126,3,0,35
BRDA:126,3,1,3
BRDA:146,4,0,38
BRDA:146,4,1,37
BRDA:157,5,0,38
BRDA:157,5,1,37
BRDA:267,6,0,11
BRDA:267,6,1,0
BRDA:445,7,0,10
BRDA:445,7,1,2
BRDA:464,8,0,10
BRDA:464,8,1,0
BRDA:519,9,0,2
BRDA:519,9,1,1
BRDA:526,10,0,2
BRDA:526,10,1,1
BRF:19
BRH:17
end_of_record
TN:
SF:src/data/landingData.ts
FNF:0
FNH:0
DA:1,3
DA:4,3
DA:7,7
DA:8,8
DA:9,3
DA:10,3
DA:11,52
DA:12,3
DA:13,132
LF:9
LH:9
BRF:0
BRH:0
end_of_record
TN:
SF:src/data/mockBlogData.ts
FN:14,(anonymous_7)
FN:16,(anonymous_8)
FN:17,(anonymous_9)
FN:20,(anonymous_10)
FN:26,(anonymous_11)
FN:35,(anonymous_12)
FN:36,(anonymous_13)
FN:56,(anonymous_14)
FN:57,(anonymous_15)
FN:60,(anonymous_16)
FN:61,(anonymous_17)
FN:64,(anonymous_18)
FN:67,(anonymous_19)
FN:68,(anonymous_20)
FN:69,(anonymous_21)
FN:72,(anonymous_22)
FN:74,(anonymous_23)
FNF:17
FNH:17
FNDA:15,(anonymous_7)
FNDA:15,(anonymous_8)
FNDA:210,(anonymous_9)
FNDA:4,(anonymous_10)
FNDA:5,(anonymous_11)
FNDA:5,(anonymous_12)
FNDA:15,(anonymous_13)
FNDA:1,(anonymous_14)
FNDA:1,(anonymous_15)
FNDA:1,(anonymous_16)
FNDA:1,(anonymous_17)
FNDA:3,(anonymous_18)
FNDA:5,(anonymous_19)
FNDA:4,(anonymous_20)
FNDA:14,(anonymous_21)
FNDA:5,(anonymous_22)
FNDA:2,(anonymous_23)
DA:5,3
DA:8,3
DA:10,3
DA:11,6
DA:14,15
DA:16,15
DA:17,210
DA:20,4
DA:21,4
DA:24,4
DA:25,1
DA:26,1
DA:27,5
DA:34,4
DA:35,1
DA:36,15
DA:40,4
DA:41,4
DA:44,4
DA:45,4
DA:46,4
DA:48,4
DA:56,3
DA:57,1
DA:60,3
DA:61,1
DA:62,1
DA:64,3
DA:66,1
DA:67,5
DA:69,14
DA:70,4
DA:72,5
DA:74,2
LF:34
LH:34
BRDA:20,0,0,0
BRDA:20,1,0,0
BRDA:20,2,0,1
BRDA:20,3,0,2
BRDA:24,4,0,1
BRDA:27,5,0,5
BRDA:27,5,1,4
BRDA:27,5,2,2
BRDA:34,6,0,1
BRDA:60,7,0,0
BRDA:62,8,0,0
BRF:11
BRH:7
end_of_record
TN:
SF:src/hooks/use-mobile.tsx
FN:5,useIsMobile
FN:8,(anonymous_5)
FN:10,(anonymous_6)
FN:15,(anonymous_7)
FNF:4
FNH:4
FNDA:3,useIsMobile
FNDA:1,(anonymous_5)
FNDA:1,(anonymous_6)
FNDA:1,(anonymous_7)
DA:1,1
DA:3,1
DA:5,3
DA:6,3
DA:8,3
DA:9,1
DA:10,1
DA:11,1
DA:13,1
DA:14,1
DA:15,1
DA:18,3
LF:12
LH:12
BRF:0
BRH:0
end_of_record
TN:
SF:src/hooks/use-toast.ts
FN:27,genId
FN:58,(anonymous_8)
FN:63,(anonymous_9)
FN:74,(anonymous_10)
FN:85,(anonymous_11)
FN:98,(anonymous_12)
FN:105,(anonymous_13)
FN:124,(anonymous_14)
FN:134,dispatch
FN:136,(anonymous_16)
FN:143,toast
FN:146,(anonymous_18)
FN:151,(anonymous_19)
FN:159,(anonymous_20)
FN:172,useToast
FN:175,(anonymous_22)
FN:177,(anonymous_23)
FN:188,(anonymous_24)
FNF:18
FNH:17
FNDA:2,genId
FNDA:3,(anonymous_8)
FNDA:2,(anonymous_9)
FNDA:13,(anonymous_10)
FNDA:2,(anonymous_11)
FNDA:1,(anonymous_12)
FNDA:3,(anonymous_13)
FNDA:3,(anonymous_14)
FNDA:7,dispatch
FNDA:7,(anonymous_16)
FNDA:2,toast
FNDA:1,(anonymous_18)
FNDA:1,(anonymous_19)
FNDA:0,(anonymous_20)
FNDA:8,useToast
FNDA:1,(anonymous_22)
FNDA:1,(anonymous_23)
FNDA:1,(anonymous_24)
DA:1,2
DA:8,2
DA:9,2
DA:18,2
DA:25,2
DA:28,2
DA:29,2
DA:56,2
DA:58,2
DA:59,3
DA:60,0
DA:63,3
DA:64,2
DA:65,2
DA:71,3
DA:74,6
DA:75,13
DA:77,4
DA:83,2
DA:86,2
DA:91,3
DA:95,3
DA:96,2
DA:98,1
DA:99,1
DA:103,3
DA:106,3
DA:116,4
DA:117,1
DA:122,3
DA:124,3
DA:130,2
DA:132,2
DA:135,7
DA:136,7
DA:137,7
DA:144,2
DA:146,2
DA:147,1
DA:151,2
DA:153,2
DA:160,0
DA:165,2
DA:173,8
DA:175,8
DA:176,1
DA:177,1
DA:178,1
DA:179,1
DA:180,1
DA:185,8
DA:188,1
DA:192,8
LF:53
LH:51
BRDA:59,0,0,0
BRDA:75,1,0,4
BRDA:75,1,1,2
BRDA:75,1,2,3
BRDA:75,1,3,4
BRDA:86,2,0,2
BRDA:86,2,1,0
BRDA:95,3,0,2
BRDA:95,3,1,1
BRDA:106,4,0,3
BRDA:106,4,1,0
BRDA:106,5,0,3
BRDA:106,5,1,1
BRDA:116,6,0,1
BRDA:160,7,0,0
BRDA:179,8,0,1
BRF:16
BRH:12
end_of_record
TN:
SF:src/lib/utils.ts
FN:4,cn
FNF:1
FNH:1
FNDA:55,cn
DA:1,3
DA:2,3
DA:4,55
DA:5,55
LF:4
LH:4
BRF:0
BRH:0
end_of_record
